10 - Sistema Completo de Arquivos e Novos Tipos de Dados Database - ✅ Concluído  
11 - Correções Críticas: Status, Deadline e Início de Isolamento por Workspace - 0% → 100% funcional
11 - Implementação Completa: Isolamento por Workspace, Data/Hora Corrigida e Sistema Multilíngue - ✅ **CONCLUÍDO - Sistema Completo e Escalável** 
14 - Implementação Completa de Sistema Notion-like para o Bloquinho - 97% → 99.8% - Sistema Completamente Funcional  
2024-01- - Correção OAuth2 com Portas Dinâmicas + Melhorias UI - ✅ Concluído  
2024-01- - Correção de Ícones Personalizados da Sidebar - ✅ Concluído  
2024-01- - Correção do Modelo Google AI: Implementação Baseada na Documentação Oficial - ✅ Concluído  
2024-01- - Implementação Completa de Funcionalidades Avançadas do Sistema de Senhas (NordPass-like) - ✅ Concluído  
2024-01- - Interface Workspace Redesign & OAuth2 Fix - ✅ Concluído  
2024-01- - Sistema Completo Notion-like Implementado - ✅ Concluído  
2024-01- - Sistema de Cache de Avatares com Download Automático - ✅ Concluído  
2024-01- - Sistema de Cloud Storage - ✅ Completo  
2024-01- - Sistema de Idiomas e Integração Real com Armazenamento em Nuvem - Concluído  
2024-01- - Solução OAuth2: Configuração de Credenciais Reais - ✅ Concluído  
2024-07-13 - Assunto não encontrado - Status não encontrado
2024-07-13 - Assunto não encontrado - Status não encontrado
2024-07-13 - Assunto não encontrado - Status não encontrado
2024-12- - Sistema Notion-like Completo: Hierarquia Visual + Preview + Blocos Interativos - ✅ Concluído  
2024-12- - Sistema de Links Entre Páginas no Estilo Notion - ✅ Concluído  
2024-12-19 - Botões de Voltar em Telas em Tela Cheia - ✅ CONCLUÍDO
2024-12-19 - Conclusão do Projeto - ✅ CONCLUÍDO COM SUCESSO
2024-12-19 - Correção Crítica: Problemas de Casting de Tipos no Sistema Database - ✅ **COMPLETO - CRÍTICO RESOLVIDO**
2024-12-19 - Correção Definitiva do Carregamento Hierárquico de Subpáginas - ✅ CONCLUÍDO
2024-12-19 - Correção de Erro de Overflow na Barra de Pesquisa - ✅ CONCLUÍDO
2024-12-19 - Correção de Erros de Compilação e Organização de Arquivos - ✅ Concluído  
2024-12-19 - Correção do Carregamento de Arquivos .md - ✅ CONCLUÍDO
2024-12-19 - Correção do Fluxo de Logout e Estrutura de Pastas - ✅ CONCLUÍDO
2024-12-19 - Correção do Fluxo de Logout e Redirecionamento Automático - ✅ CONCLUÍDO
2024-12-19 - Correção do Redirecionamento e Foto de Perfil - ✅ CONCLUÍDO
2024-12-19 - Correção do Sistema Hierárquico e Suporte para Ícones - ✅ CONCLUÍDO
2024-12-19 - Correções Críticas: Persistência OAuth2, LinearProgressIndicator e Sincronização - ✅ Resolvido
2024-12-19 - Correções de Integração com Workspace e UI - ✅ CONCLUÍDO
2024-12-19 - Correções do Sistema de Páginas do Bloquinho - ✅ CONCLUÍDO
2024-12-19 - Correções e Debugging - ✅ CONCLUÍDO
2024-12-19 - Implementação Completa de Rich Text Editor - ✅ CONCLUÍDO COM SUCESSO
2024-12-19 - Implementação de Comando Slash de IA para Geração de Notas - ✅ CONCLUÍDO
2024-12-19 - Implementação do Sistema de Backup Completo - ✅ CONCLUÍDO
2024-12-19 - Indicador de Estado da Nuvem e Barra de Pesquisa Global - ✅ CONCLUÍDO
2024-12-19 - Melhorias de Design: Interface Moderna da Tabela Database - ✅ **COMPLETO - DESIGN MODERNIZADO**
2024-12-19 - Melhorias na Pesquisa Global com Debounce e Indicadores Visuais - ✅ CONCLUÍDO
2024-12-19 - Persistência OAuth2, Ícones Windows e Sistema de Pastas na Nuvem - ✅ Implementado
2024-12-19 - Resolução de Loading Infinito na Tela de Perfil - ✅ Resolvido
2024-12-19 - Sistema de Perfil de Usuário Completo - ✅ CONCLUÍDO COM SUCESSO
2024-12-19 - Sistema de Persistência Local Organizada - ✅ IMPLEMENTADO - 🔍 INVESTIGANDO DETECÇÃO
2024-12-19 - Sistema de Pesquisa Global Completo - ✅ CONCLUÍDO
2024-12-19 - Tema Padrão para Blocos de Código e Detecção Automática de Linguagem - ✅ CONCLUÍDO
2024-12-19 - Testes de Serialização do BackupService - ✅ CONCLUÍDO
2024-12-19 - Testes de Widget e Interface - ✅ CONCLUÍDO
2024-12-19 - Visualizador Markdown com Enhancements HTML - ✅ Implementado
2024-12-19 - Ícones Personalizados e Sistema de Indicadores de Sincronização - ✅ Implementado
2025-01-10 - Correção dos Ícones da Sidebar com Cores Originais - ✅ Concluído  
2025-01-10 - Implementação Completa de Editor Word/Notion-like no Bloquinho - ✅ Concluído  
2025-01-11 - Correção Completa do Sistema de Isolamento por Workspace - ✅ Concluído  
2025-01-11 - Implementação Completa de Traduções Multilíngue - ✅ Concluído  
2025-01-11 - Implementação Completa do Editor Notion-like - ✅ Concluído  
2025-01-11 - Integração Agenda ↔ Base de Dados - ✅ Concluído  
2025-01-11 - Reestruturação Completa do Sistema de Armazenamento - Status não encontrado
2025-01-11 - Sistema Completo de Internacionalização e Exclusão de Perfil - Não afeta as funcionalidades principais implementadas (traduções e exclusão)
2025-07-13 - Indicador Visual de Status da IA na Barra Lateral - ✅ Concluído  
2025-07-14 - Assunto não encontrado - Status não encontrado
2025-07-14 - Assunto não encontrado - Status não encontrado
2025-07-14 - Assunto não encontrado - Status não encontrado
2025-07-14 - Build da Aplicação para Plataformas - Status não encontrado
2025-07-14 - Continuação da Implementação de Melhorias na Visualização de Markdown - Status não encontrado
2025-07-14 - Conversão Completa do Site para Inglês - ✅ Concluído
2025-07-14 - Correção Completa de Erros de Build, Linter e Execução - ✅ Sucesso
2025-07-14 - Correção Completa do Sistema de Árvore de Páginas - Status não encontrado
2025-07-14 - Correção Critical: Erro "Box has already been closed" no Onboarding - ✅ **RESOLVIDO COMPLETAMENTE**
2025-07-14 - Correção Definitiva do Sistema Hierárquico de Páginas - Status não encontrado
2025-07-14 - Correção Indicador Visual de Nuvem e Tokens OAuth2 de Longa Duração - Status não encontrado
2025-07-14 - Correção de IDs e Implementação do Dashboard do Bloquinho - Status não encontrado
2025-07-14 - Correção de Inconsistência de Ícones de Páginas - Status não encontrado
2025-07-14 - Correção de Problemas KeyDown nos Formulários de Documentos - Status não encontrado
2025-07-14 - Correção de Remoção Completa de Páginas e Layout Consistente - Status não encontrado
2025-07-14 - Correção de Remoção de Pastas e Tratamento de Erros de Acesso - Status não encontrado
2025-07-14 - Correção do DocumentosScreen para Layout do Workspace - Status não encontrado
2025-07-14 - Correção do Problema de Foco no Diálogo de IA - Status não encontrado
2025-07-14a - Correção do Sistema de Comandos Slash e Problemas de Teclado - Status não encontrado
2025-07-14 - Correções Críticas: Persistência, Tradução e Interface - ✅ CONCLUÍDO
2025-07-14 - Correções de Inicialização e Compatibilidade Web/Mobile - Status não encontrado
2025-07-14 - Implementação de Melhorias na Visualização de Markdown - Status não encontrado
2025-07-14 - Implementação de Menu Hambúrguer Responsivo para Dispositivos Móveis - Status não encontrado
2025-07-14 - Implementação de Workspace Default "Pessoal" - Status não encontrado
2025-07-14 - Sistema Completo de Persistência de Fotos e Estado da Aplicação - Status não encontrado
2025-07-14 - Sistema de Base de Dados Completo (Notion-like) - ✅ Concluído  
2025-07-14 - Sistema de Formatação de Texto com Seleção - Status não encontrado
2025-07-14 - Visualizador Markdown Moderno com Design Profissional - Status não encontrado
2025-07-14 - Workspace Default "Pessoal" e Inicialização de Contexto dos Providers - Status não encontrado
